08:40:53.702 [main] DEBUG io.netty.util.ResourceLeakDetector - -Dio.netty.leakDetection.level: simple
08:40:53.780 [main] DEBUG io.netty.util.ResourceLeakDetector - -Dio.netty.leakDetection.targetRecords: 4
08:40:53.789 [main] DEBUG io.netty.util.ResourceLeakDetectorFactory - Loaded default ResourceLeakDetector: io.netty.util.ResourceLeakDetector@6e0f7aad
08:40:53.866 [main] DEBUG io.netty.util.internal.PlatformDependent - Platform: Windows
08:40:53.874 [main] DEBUG io.netty.util.internal.PlatformDependent0 - -Dio.netty.noUnsafe: false
08:40:53.874 [main] DEBUG io.netty.util.internal.PlatformDependent0 - Java version: 15
08:40:53.877 [main] DEBUG io.netty.util.internal.PlatformDependent0 - sun.misc.Unsafe.theUnsafe: available
08:40:53.878 [main] DEBUG io.netty.util.internal.PlatformDependent0 - sun.misc.Unsafe.copyMemory: available
08:40:53.879 [main] DEBUG io.netty.util.internal.PlatformDependent0 - java.nio.Buffer.address: available
08:40:53.880 [main] DEBUG io.netty.util.internal.PlatformDependent0 - direct buffer constructor: unavailable
java.lang.UnsupportedOperationException: Reflective setAccessible(true) disabled
	at io.netty.util.internal.ReflectionUtil.trySetAccessible(ReflectionUtil.java:31) ~[netty-common-4.1.58.Final.jar:4.1.58.Final]
	at io.netty.util.internal.PlatformDependent0$4.run(PlatformDependent0.java:238) ~[netty-common-4.1.58.Final.jar:4.1.58.Final]
	at java.security.AccessController.doPrivileged(AccessController.java:312) ~[?:?]
	at io.netty.util.internal.PlatformDependent0.<clinit>(PlatformDependent0.java:232) ~[netty-common-4.1.58.Final.jar:4.1.58.Final]
	at io.netty.util.internal.PlatformDependent.isAndroid(PlatformDependent.java:293) ~[netty-common-4.1.58.Final.jar:4.1.58.Final]
	at io.netty.util.internal.PlatformDependent.<clinit>(PlatformDependent.java:92) ~[netty-common-4.1.58.Final.jar:4.1.58.Final]
	at io.netty.util.HashedWheelTimer.<init>(HashedWheelTimer.java:109) ~[netty-common-4.1.58.Final.jar:4.1.58.Final]
	at io.netty.util.HashedWheelTimer.<init>(HashedWheelTimer.java:218) ~[netty-common-4.1.58.Final.jar:4.1.58.Final]
	at io.netty.util.HashedWheelTimer.<init>(HashedWheelTimer.java:197) ~[netty-common-4.1.58.Final.jar:4.1.58.Final]
	at org.asynchttpclient.DefaultAsyncHttpClient.newNettyTimer(DefaultAsyncHttpClient.java:111) ~[async-http-client-2.12.2.jar:?]
	at org.asynchttpclient.DefaultAsyncHttpClient.<init>(DefaultAsyncHttpClient.java:90) ~[async-http-client-2.12.2.jar:?]
	at org.asynchttpclient.Dsl.asyncHttpClient(Dsl.java:32) ~[async-http-client-2.12.2.jar:?]
	at org.openqa.selenium.remote.http.netty.NettyClient.createHttpClient(NettyClient.java:98) ~[selenium-remote-driver-4.0.0-beta-3.jar:?]
	at org.openqa.selenium.remote.http.netty.NettyClient.<clinit>(NettyClient.java:51) ~[selenium-remote-driver-4.0.0-beta-3.jar:?]
	at org.openqa.selenium.remote.http.netty.NettyClient$Factory.createClient(NettyClient.java:147) ~[selenium-remote-driver-4.0.0-beta-3.jar:?]
	at org.openqa.selenium.remote.HttpCommandExecutor.<init>(HttpCommandExecutor.java:107) ~[selenium-remote-driver-4.0.0-beta-3.jar:?]
	at org.openqa.selenium.remote.HttpCommandExecutor.<init>(HttpCommandExecutor.java:94) ~[selenium-remote-driver-4.0.0-beta-3.jar:?]
	at org.openqa.selenium.remote.HttpCommandExecutor.<init>(HttpCommandExecutor.java:85) ~[selenium-remote-driver-4.0.0-beta-3.jar:?]
	at org.openqa.selenium.remote.service.DriverCommandExecutor.<init>(DriverCommandExecutor.java:68) ~[selenium-remote-driver-4.0.0-beta-3.jar:?]
	at org.openqa.selenium.chromium.ChromiumDriverCommandExecutor.<init>(ChromiumDriverCommandExecutor.java:78) ~[selenium-chromium-driver-4.0.0-beta-3.jar:?]
	at org.openqa.selenium.chrome.ChromeDriver.<init>(ChromeDriver.java:99) ~[selenium-chrome-driver-4.0.0-beta-3.jar:?]
	at org.openqa.selenium.chrome.ChromeDriver.<init>(ChromeDriver.java:86) ~[selenium-chrome-driver-4.0.0-beta-3.jar:?]
	at org.openqa.selenium.chrome.ChromeDriver.<init>(ChromeDriver.java:41) ~[selenium-chrome-driver-4.0.0-beta-3.jar:?]
	at testBase.BaseClass.setup(BaseClass.java:40) ~[test-classes/:?]
	at jdk.internal.reflect.NativeMethodAccessorImpl.invoke0(Native Method) ~[?:?]
	at jdk.internal.reflect.NativeMethodAccessorImpl.invoke(NativeMethodAccessorImpl.java:64) ~[?:?]
	at jdk.internal.reflect.DelegatingMethodAccessorImpl.invoke(DelegatingMethodAccessorImpl.java:43) ~[?:?]
	at java.lang.reflect.Method.invoke(Method.java:564) ~[?:?]
	at org.testng.internal.MethodInvocationHelper.invokeMethod(MethodInvocationHelper.java:133) ~[testng-7.0.0.jar:?]
	at org.testng.internal.MethodInvocationHelper.invokeMethodConsideringTimeout(MethodInvocationHelper.java:62) ~[testng-7.0.0.jar:?]
	at org.testng.internal.ConfigInvoker.invokeConfigurationMethod(ConfigInvoker.java:340) ~[testng-7.0.0.jar:?]
	at org.testng.internal.ConfigInvoker.invokeConfigurations(ConfigInvoker.java:294) ~[testng-7.0.0.jar:?]
	at org.testng.internal.TestMethodWorker.invokeBeforeClassMethods(TestMethodWorker.java:176) ~[testng-7.0.0.jar:?]
	at org.testng.internal.TestMethodWorker.run(TestMethodWorker.java:122) ~[testng-7.0.0.jar:?]
	at java.util.ArrayList.forEach(ArrayList.java:1511) [?:?]
	at org.testng.TestRunner.privateRun(TestRunner.java:770) [testng-7.0.0.jar:?]
	at org.testng.TestRunner.run(TestRunner.java:591) [testng-7.0.0.jar:?]
	at org.testng.SuiteRunner.runTest(SuiteRunner.java:402) [testng-7.0.0.jar:?]
	at org.testng.SuiteRunner.runSequentially(SuiteRunner.java:396) [testng-7.0.0.jar:?]
	at org.testng.SuiteRunner.privateRun(SuiteRunner.java:355) [testng-7.0.0.jar:?]
	at org.testng.SuiteRunner.run(SuiteRunner.java:304) [testng-7.0.0.jar:?]
	at org.testng.SuiteRunnerWorker.runSuite(SuiteRunnerWorker.java:53) [testng-7.0.0.jar:?]
	at org.testng.SuiteRunnerWorker.run(SuiteRunnerWorker.java:96) [testng-7.0.0.jar:?]
	at org.testng.TestNG.runSuitesSequentially(TestNG.java:1180) [testng-7.0.0.jar:?]
	at org.testng.TestNG.runSuitesLocally(TestNG.java:1102) [testng-7.0.0.jar:?]
	at org.testng.TestNG.runSuites(TestNG.java:1032) [testng-7.0.0.jar:?]
	at org.testng.TestNG.run(TestNG.java:1000) [testng-7.0.0.jar:?]
	at org.testng.remote.AbstractRemoteTestNG.run(AbstractRemoteTestNG.java:115) [testng-remote.jar:?]
	at org.testng.remote.RemoteTestNG.initAndRun(RemoteTestNG.java:251) [testng-remote.jar:?]
	at org.testng.remote.RemoteTestNG.main(RemoteTestNG.java:77) [testng-remote.jar:?]
08:40:53.908 [main] DEBUG io.netty.util.internal.PlatformDependent0 - java.nio.Bits.unaligned: available, true
08:40:53.910 [main] DEBUG io.netty.util.internal.PlatformDependent0 - jdk.internal.misc.Unsafe.allocateUninitializedArray(int): unavailable
java.lang.IllegalAccessException: class io.netty.util.internal.PlatformDependent0$6 cannot access class jdk.internal.misc.Unsafe (in module java.base) because module java.base does not export jdk.internal.misc to unnamed module @13526e59
	at jdk.internal.reflect.Reflection.newIllegalAccessException(Reflection.java:385) ~[?:?]
	at java.lang.reflect.AccessibleObject.checkAccess(AccessibleObject.java:693) ~[?:?]
	at java.lang.reflect.Method.invoke(Method.java:556) ~[?:?]
	at io.netty.util.internal.PlatformDependent0$6.run(PlatformDependent0.java:352) ~[netty-common-4.1.58.Final.jar:4.1.58.Final]
	at java.security.AccessController.doPrivileged(AccessController.java:312) ~[?:?]
	at io.netty.util.internal.PlatformDependent0.<clinit>(PlatformDependent0.java:343) ~[netty-common-4.1.58.Final.jar:4.1.58.Final]
	at io.netty.util.internal.PlatformDependent.isAndroid(PlatformDependent.java:293) ~[netty-common-4.1.58.Final.jar:4.1.58.Final]
	at io.netty.util.internal.PlatformDependent.<clinit>(PlatformDependent.java:92) ~[netty-common-4.1.58.Final.jar:4.1.58.Final]
	at io.netty.util.HashedWheelTimer.<init>(HashedWheelTimer.java:109) ~[netty-common-4.1.58.Final.jar:4.1.58.Final]
	at io.netty.util.HashedWheelTimer.<init>(HashedWheelTimer.java:218) ~[netty-common-4.1.58.Final.jar:4.1.58.Final]
	at io.netty.util.HashedWheelTimer.<init>(HashedWheelTimer.java:197) ~[netty-common-4.1.58.Final.jar:4.1.58.Final]
	at org.asynchttpclient.DefaultAsyncHttpClient.newNettyTimer(DefaultAsyncHttpClient.java:111) ~[async-http-client-2.12.2.jar:?]
	at org.asynchttpclient.DefaultAsyncHttpClient.<init>(DefaultAsyncHttpClient.java:90) ~[async-http-client-2.12.2.jar:?]
	at org.asynchttpclient.Dsl.asyncHttpClient(Dsl.java:32) ~[async-http-client-2.12.2.jar:?]
	at org.openqa.selenium.remote.http.netty.NettyClient.createHttpClient(NettyClient.java:98) ~[selenium-remote-driver-4.0.0-beta-3.jar:?]
	at org.openqa.selenium.remote.http.netty.NettyClient.<clinit>(NettyClient.java:51) ~[selenium-remote-driver-4.0.0-beta-3.jar:?]
	at org.openqa.selenium.remote.http.netty.NettyClient$Factory.createClient(NettyClient.java:147) ~[selenium-remote-driver-4.0.0-beta-3.jar:?]
	at org.openqa.selenium.remote.HttpCommandExecutor.<init>(HttpCommandExecutor.java:107) ~[selenium-remote-driver-4.0.0-beta-3.jar:?]
	at org.openqa.selenium.remote.HttpCommandExecutor.<init>(HttpCommandExecutor.java:94) ~[selenium-remote-driver-4.0.0-beta-3.jar:?]
	at org.openqa.selenium.remote.HttpCommandExecutor.<init>(HttpCommandExecutor.java:85) ~[selenium-remote-driver-4.0.0-beta-3.jar:?]
	at org.openqa.selenium.remote.service.DriverCommandExecutor.<init>(DriverCommandExecutor.java:68) ~[selenium-remote-driver-4.0.0-beta-3.jar:?]
	at org.openqa.selenium.chromium.ChromiumDriverCommandExecutor.<init>(ChromiumDriverCommandExecutor.java:78) ~[selenium-chromium-driver-4.0.0-beta-3.jar:?]
	at org.openqa.selenium.chrome.ChromeDriver.<init>(ChromeDriver.java:99) ~[selenium-chrome-driver-4.0.0-beta-3.jar:?]
	at org.openqa.selenium.chrome.ChromeDriver.<init>(ChromeDriver.java:86) ~[selenium-chrome-driver-4.0.0-beta-3.jar:?]
	at org.openqa.selenium.chrome.ChromeDriver.<init>(ChromeDriver.java:41) ~[selenium-chrome-driver-4.0.0-beta-3.jar:?]
	at testBase.BaseClass.setup(BaseClass.java:40) ~[test-classes/:?]
	at jdk.internal.reflect.NativeMethodAccessorImpl.invoke0(Native Method) ~[?:?]
	at jdk.internal.reflect.NativeMethodAccessorImpl.invoke(NativeMethodAccessorImpl.java:64) ~[?:?]
	at jdk.internal.reflect.DelegatingMethodAccessorImpl.invoke(DelegatingMethodAccessorImpl.java:43) ~[?:?]
	at java.lang.reflect.Method.invoke(Method.java:564) ~[?:?]
	at org.testng.internal.MethodInvocationHelper.invokeMethod(MethodInvocationHelper.java:133) ~[testng-7.0.0.jar:?]
	at org.testng.internal.MethodInvocationHelper.invokeMethodConsideringTimeout(MethodInvocationHelper.java:62) ~[testng-7.0.0.jar:?]
	at org.testng.internal.ConfigInvoker.invokeConfigurationMethod(ConfigInvoker.java:340) ~[testng-7.0.0.jar:?]
	at org.testng.internal.ConfigInvoker.invokeConfigurations(ConfigInvoker.java:294) ~[testng-7.0.0.jar:?]
	at org.testng.internal.TestMethodWorker.invokeBeforeClassMethods(TestMethodWorker.java:176) ~[testng-7.0.0.jar:?]
	at org.testng.internal.TestMethodWorker.run(TestMethodWorker.java:122) ~[testng-7.0.0.jar:?]
	at java.util.ArrayList.forEach(ArrayList.java:1511) [?:?]
	at org.testng.TestRunner.privateRun(TestRunner.java:770) [testng-7.0.0.jar:?]
	at org.testng.TestRunner.run(TestRunner.java:591) [testng-7.0.0.jar:?]
	at org.testng.SuiteRunner.runTest(SuiteRunner.java:402) [testng-7.0.0.jar:?]
	at org.testng.SuiteRunner.runSequentially(SuiteRunner.java:396) [testng-7.0.0.jar:?]
	at org.testng.SuiteRunner.privateRun(SuiteRunner.java:355) [testng-7.0.0.jar:?]
	at org.testng.SuiteRunner.run(SuiteRunner.java:304) [testng-7.0.0.jar:?]
	at org.testng.SuiteRunnerWorker.runSuite(SuiteRunnerWorker.java:53) [testng-7.0.0.jar:?]
	at org.testng.SuiteRunnerWorker.run(SuiteRunnerWorker.java:96) [testng-7.0.0.jar:?]
	at org.testng.TestNG.runSuitesSequentially(TestNG.java:1180) [testng-7.0.0.jar:?]
	at org.testng.TestNG.runSuitesLocally(TestNG.java:1102) [testng-7.0.0.jar:?]
	at org.testng.TestNG.runSuites(TestNG.java:1032) [testng-7.0.0.jar:?]
	at org.testng.TestNG.run(TestNG.java:1000) [testng-7.0.0.jar:?]
	at org.testng.remote.AbstractRemoteTestNG.run(AbstractRemoteTestNG.java:115) [testng-remote.jar:?]
	at org.testng.remote.RemoteTestNG.initAndRun(RemoteTestNG.java:251) [testng-remote.jar:?]
	at org.testng.remote.RemoteTestNG.main(RemoteTestNG.java:77) [testng-remote.jar:?]
08:40:53.911 [main] DEBUG io.netty.util.internal.PlatformDependent0 - java.nio.DirectByteBuffer.<init>(long, int): unavailable
08:40:53.912 [main] DEBUG io.netty.util.internal.PlatformDependent - sun.misc.Unsafe: available
08:40:53.913 [main] DEBUG io.netty.util.internal.PlatformDependent - maxDirectMemory: 1050673152 bytes (maybe)
08:40:53.913 [main] DEBUG io.netty.util.internal.PlatformDependent - -Dio.netty.tmpdir: C:\Users\Manoj\AppData\Local\Temp (java.io.tmpdir)
08:40:53.914 [main] DEBUG io.netty.util.internal.PlatformDependent - -Dio.netty.bitMode: 64 (sun.arch.data.model)
08:40:53.915 [main] DEBUG io.netty.util.internal.PlatformDependent - -Dio.netty.maxDirectMemory: -1 bytes
08:40:53.916 [main] DEBUG io.netty.util.internal.PlatformDependent - -Dio.netty.uninitializedArrayAllocationThreshold: -1
08:40:53.917 [main] DEBUG io.netty.util.internal.CleanerJava9 - java.nio.ByteBuffer.cleaner(): available
08:40:53.918 [main] DEBUG io.netty.util.internal.PlatformDependent - -Dio.netty.noPreferDirect: false
08:40:53.929 [main] DEBUG io.netty.util.internal.PlatformDependent - org.jctools-core.MpscChunkedArrayQueue: available
08:40:53.956 [main] DEBUG io.netty.util.internal.InternalThreadLocalMap - -Dio.netty.threadLocalMap.stringBuilder.initialSize: 1024
08:40:53.956 [main] DEBUG io.netty.util.internal.InternalThreadLocalMap - -Dio.netty.threadLocalMap.stringBuilder.maxSize: 4096
08:40:54.233 [main] DEBUG io.netty.handler.ssl.JdkSslContext - Default protocols (JDK): [TLSv1.3, TLSv1.2, TLSv1.1, TLSv1] 
08:40:54.233 [main] DEBUG io.netty.handler.ssl.JdkSslContext - Default cipher suites (JDK): [TLS_ECDHE_ECDSA_WITH_AES_256_GCM_SHA384, TLS_ECDHE_ECDSA_WITH_AES_128_GCM_SHA256, TLS_ECDHE_RSA_WITH_AES_128_GCM_SHA256, TLS_ECDHE_RSA_WITH_AES_256_GCM_SHA384, TLS_ECDHE_RSA_WITH_AES_128_CBC_SHA, TLS_ECDHE_RSA_WITH_AES_256_CBC_SHA, TLS_RSA_WITH_AES_128_GCM_SHA256, TLS_RSA_WITH_AES_128_CBC_SHA, TLS_RSA_WITH_AES_256_CBC_SHA, TLS_AES_128_GCM_SHA256, TLS_AES_256_GCM_SHA384]
08:40:54.315 [main] DEBUG io.netty.channel.MultithreadEventLoopGroup - -Dio.netty.eventLoopThreads: 8
08:40:54.390 [main] DEBUG io.netty.channel.nio.NioEventLoop - -Dio.netty.noKeySetOptimization: false
08:40:54.390 [main] DEBUG io.netty.channel.nio.NioEventLoop - -Dio.netty.selectorAutoRebuildThreshold: 512
08:40:54.451 [main] TRACE io.netty.channel.nio.NioEventLoop - instrumented a special java.util.Set into: sun.nio.ch.WindowsSelectorImpl@4f67e3df
08:40:54.456 [main] TRACE io.netty.channel.nio.NioEventLoop - instrumented a special java.util.Set into: sun.nio.ch.WindowsSelectorImpl@b2f4ece
08:40:54.458 [main] TRACE io.netty.channel.nio.NioEventLoop - instrumented a special java.util.Set into: sun.nio.ch.WindowsSelectorImpl@7e1f584d
08:40:54.460 [main] TRACE io.netty.channel.nio.NioEventLoop - instrumented a special java.util.Set into: sun.nio.ch.WindowsSelectorImpl@7dff6d05
08:40:54.463 [main] TRACE io.netty.channel.nio.NioEventLoop - instrumented a special java.util.Set into: sun.nio.ch.WindowsSelectorImpl@45d64d27
08:40:54.465 [main] TRACE io.netty.channel.nio.NioEventLoop - instrumented a special java.util.Set into: sun.nio.ch.WindowsSelectorImpl@34fe326d
08:40:54.468 [main] TRACE io.netty.channel.nio.NioEventLoop - instrumented a special java.util.Set into: sun.nio.ch.WindowsSelectorImpl@30a7c98f
08:40:54.471 [main] TRACE io.netty.channel.nio.NioEventLoop - instrumented a special java.util.Set into: sun.nio.ch.WindowsSelectorImpl@36361ddb
08:40:54.554 [main] DEBUG io.netty.buffer.PooledByteBufAllocator - -Dio.netty.allocator.numHeapArenas: 8
08:40:54.555 [main] DEBUG io.netty.buffer.PooledByteBufAllocator - -Dio.netty.allocator.numDirectArenas: 8
08:40:54.555 [main] DEBUG io.netty.buffer.PooledByteBufAllocator - -Dio.netty.allocator.pageSize: 8192
08:40:54.555 [main] DEBUG io.netty.buffer.PooledByteBufAllocator - -Dio.netty.allocator.maxOrder: 11
08:40:54.555 [main] DEBUG io.netty.buffer.PooledByteBufAllocator - -Dio.netty.allocator.chunkSize: 16777216
08:40:54.555 [main] DEBUG io.netty.buffer.PooledByteBufAllocator - -Dio.netty.allocator.smallCacheSize: 256
08:40:54.556 [main] DEBUG io.netty.buffer.PooledByteBufAllocator - -Dio.netty.allocator.normalCacheSize: 64
08:40:54.556 [main] DEBUG io.netty.buffer.PooledByteBufAllocator - -Dio.netty.allocator.maxCachedBufferCapacity: 32768
08:40:54.556 [main] DEBUG io.netty.buffer.PooledByteBufAllocator - -Dio.netty.allocator.cacheTrimInterval: 8192
08:40:54.556 [main] DEBUG io.netty.buffer.PooledByteBufAllocator - -Dio.netty.allocator.cacheTrimIntervalMillis: 0
08:40:54.556 [main] DEBUG io.netty.buffer.PooledByteBufAllocator - -Dio.netty.allocator.useCacheForAllThreads: true
08:40:54.556 [main] DEBUG io.netty.buffer.PooledByteBufAllocator - -Dio.netty.allocator.maxCachedByteBuffersPerChunk: 1023
08:40:54.589 [main] DEBUG io.netty.buffer.ByteBufUtil - -Dio.netty.allocator.type: pooled
08:40:54.589 [main] DEBUG io.netty.buffer.ByteBufUtil - -Dio.netty.threadLocalDirectBufferSize: 0
08:40:54.590 [main] DEBUG io.netty.buffer.ByteBufUtil - -Dio.netty.maxThreadLocalCharBufferSize: 16384
08:40:56.158 [Forwarding newSession on session null to remote] DEBUG io.netty.channel.DefaultChannelId - -Dio.netty.processId: 1848 (auto-detected)
08:40:56.164 [Forwarding newSession on session null to remote] DEBUG io.netty.util.NetUtil - -Djava.net.preferIPv4Stack: false
08:40:56.165 [Forwarding newSession on session null to remote] DEBUG io.netty.util.NetUtil - -Djava.net.preferIPv6Addresses: false
08:40:56.180 [Forwarding newSession on session null to remote] DEBUG io.netty.util.NetUtilInitializations - Loopback interface: lo (Software Loopback Interface 1, 127.0.0.1)
08:40:56.181 [Forwarding newSession on session null to remote] DEBUG io.netty.util.NetUtil - Failed to get SOMAXCONN from sysctl and file \proc\sys\net\core\somaxconn. Default: 200
08:40:56.219 [Forwarding newSession on session null to remote] DEBUG io.netty.channel.DefaultChannelId - -Dio.netty.machineId: e4:02:9b:ff:fe:73:81:4c (auto-detected)
08:40:56.311 [AsyncHttpClient-1-2] DEBUG io.netty.buffer.AbstractByteBuf - -Dio.netty.buffer.checkAccessible: true
08:40:56.312 [AsyncHttpClient-1-2] DEBUG io.netty.buffer.AbstractByteBuf - -Dio.netty.buffer.checkBounds: true
08:40:56.312 [AsyncHttpClient-1-2] DEBUG io.netty.util.ResourceLeakDetectorFactory - Loaded default ResourceLeakDetector: io.netty.util.ResourceLeakDetector@16dd3ad9
08:40:56.384 [AsyncHttpClient-1-2] DEBUG io.netty.util.Recycler - -Dio.netty.recycler.maxCapacityPerThread: 4096
08:40:56.384 [AsyncHttpClient-1-2] DEBUG io.netty.util.Recycler - -Dio.netty.recycler.maxSharedCapacityFactor: 2
08:40:56.385 [AsyncHttpClient-1-2] DEBUG io.netty.util.Recycler - -Dio.netty.recycler.linkCapacity: 16
08:40:56.386 [AsyncHttpClient-1-2] DEBUG io.netty.util.Recycler - -Dio.netty.recycler.ratio: 8
08:40:56.387 [AsyncHttpClient-1-2] DEBUG io.netty.util.Recycler - -Dio.netty.recycler.delayedQueue.ratio: 8
08:41:01.401 [main] DEBUG io.netty.util.internal.ThreadLocalRandom - -Dio.netty.initialSeedUniquifier: 0x8dbe263f6f9ffacf
08:41:01.769 [main] INFO  testCases.TC_002_Login - chrome browser is launched
08:41:01.817 [main] INFO  testCases.TC_002_Login - Started TC_002_Login
08:41:06.799 [main] INFO  testCases.TC_002_Login - HomePage displayed
08:41:07.016 [main] INFO  testCases.TC_002_Login - MyAccount clicked
08:41:08.639 [main] INFO  testCases.TC_002_Login - Login link clicked
08:41:08.933 [main] INFO  testCases.TC_002_Login - email entered
08:41:09.199 [main] INFO  testCases.TC_002_Login - password entered
08:41:11.628 [main] INFO  testCases.TC_002_Login - login button clicked
08:41:11.758 [main] INFO  testCases.TC_002_Login - Login successfull
08:41:11.760 [main] INFO  testCases.TC_002_Login - Finished TC_002_Login
08:41:14.643 [AsyncHttpClient-1-3] DEBUG io.netty.buffer.PoolThreadCache - Freed 2 thread-local buffer(s) from thread: AsyncHttpClient-1-3
08:41:14.646 [AsyncHttpClient-1-4] DEBUG io.netty.buffer.PoolThreadCache - Freed 3 thread-local buffer(s) from thread: AsyncHttpClient-1-4
